[    0.000000] Initializing cgroup subsys cpuset
[    0.000000] Initializing cgroup subsys cpu
[    0.000000] Initializing cgroup subsys cpuacct
[    0.000000] Linux version 4.4.0-170-generic (buildd@lcy01-amd64-019) (gcc version 5.4.0 20160609 (Ubuntu 5.4.0-6ubuntu1~16.04.12) ) #199-Ubuntu SMP Thu Nov 14 01:45:04 UTC 2019 (Ubuntu 4.4.0-170.199-generic 4.4.200)
[    0.000000] Command line: BOOT_IMAGE=/boot/vmlinuz-4.4.0-170-generic root=LABEL=cloudimg-rootfs ro console=tty1 console=ttyS0
[    0.000000] KERNEL supported cpus:
[    0.000000]   Intel GenuineIntel
[    0.000000]   AMD AuthenticAMD
[    0.000000]   Centaur CentaurHauls
[    0.000000] x86/fpu: xstate_offset[2]:  576, xstate_sizes[2]:  256
[    0.000000] x86/fpu: Supporting XSAVE feature 0x01: 'x87 floating point registers'
[    0.000000] x86/fpu: Supporting XSAVE feature 0x02: 'SSE registers'
[    0.000000] x86/fpu: Supporting XSAVE feature 0x04: 'AVX registers'
[    0.000000] x86/fpu: Enabled xstate features 0x7, context size is 832 bytes, using 'standard' format.
[    0.000000] e820: BIOS-provided physical RAM map:
[    0.000000] BIOS-e820: [mem 0x0000000000000000-0x000000000009fbff] usable
[    0.000000] BIOS-e820: [mem 0x000000000009fc00-0x000000000009ffff] reserved
[    0.000000] BIOS-e820: [mem 0x00000000000f0000-0x00000000000fffff] reserved
[    0.000000] BIOS-e820: [mem 0x0000000000100000-0x000000003ffeffff] usable
[    0.000000] BIOS-e820: [mem 0x000000003fff0000-0x000000003fffffff] ACPI data
[    0.000000] BIOS-e820: [mem 0x00000000fec00000-0x00000000fec00fff] reserved
[    0.000000] BIOS-e820: [mem 0x00000000fee00000-0x00000000fee00fff] reserved
[    0.000000] BIOS-e820: [mem 0x00000000fffc0000-0x00000000ffffffff] reserved
[    0.000000] NX (Execute Disable) protection: active
[    0.000000] SMBIOS 2.5 present.
[    0.000000] Hypervisor detected: KVM
[    0.000000] e820: last_pfn = 0x3fff0 max_arch_pfn = 0x400000000
[    0.000000] MTRR: Disabled
[    0.000000] x86/PAT: MTRRs disabled, skipping PAT initialization too.
[    0.000000] CPU MTRRs all blank - virtualized system.
[    0.000000] x86/PAT: Configuration [0-7]: WB  WT  UC- UC  WB  WT  UC- UC  
[    0.000000] found SMP MP-table at [mem 0x0009fff0-0x0009ffff] mapped at [ffff88000009fff0]
[    0.000000] Scanning 1 areas for low memory corruption
[    0.000000] RAMDISK: [mem 0x362fa000-0x37174fff]
[    0.000000] ACPI: Early table checksum verification disabled
[    0.000000] ACPI: RSDP 0x00000000000E0000 000024 (v02 VBOX  )
[    0.000000] ACPI: XSDT 0x000000003FFF0030 00003C (v01 VBOX   VBOXXSDT 00000001 ASL  00000061)
[    0.000000] ACPI: FACP 0x000000003FFF00F0 0000F4 (v04 VBOX   VBOXFACP 00000001 ASL  00000061)
[    0.000000] ACPI: DSDT 0x000000003FFF0470 0022EA (v02 VBOX   VBOXBIOS 00000002 INTL 20100528)
[    0.000000] ACPI: FACS 0x000000003FFF0200 000040
[    0.000000] ACPI: FACS 0x000000003FFF0200 000040
[    0.000000] ACPI: APIC 0x000000003FFF0240 00005C (v02 VBOX   VBOXAPIC 00000001 ASL  00000061)
[    0.000000] ACPI: SSDT 0x000000003FFF02A0 0001CC (v01 VBOX   VBOXCPUT 00000002 INTL 20100528)
[    0.000000] No NUMA configuration found
[    0.000000] Faking a node at [mem 0x0000000000000000-0x000000003ffeffff]
[    0.000000] NODE_DATA(0) allocated [mem 0x3ffeb000-0x3ffeffff]
[    0.000000] kvm-clock: Using msrs 4b564d01 and 4b564d00
[    0.000000] kvm-clock: cpu 0, msr 0:3ffe3001, primary cpu clock
[    0.000000] kvm-clock: using sched offset of 3582751057 cycles
[    0.000000] clocksource: kvm-clock: mask: 0xffffffffffffffff max_cycles: 0x1cd42e4dffb, max_idle_ns: 881590591483 ns
[    0.000000] Zone ranges:
[    0.000000]   DMA      [mem 0x0000000000001000-0x0000000000ffffff]
[    0.000000]   DMA32    [mem 0x0000000001000000-0x000000003ffeffff]
[    0.000000]   Normal   empty
[    0.000000]   Device   empty
[    0.000000] Movable zone start for each node
[    0.000000] Early memory node ranges
[    0.000000]   node   0: [mem 0x0000000000001000-0x000000000009efff]
[    0.000000]   node   0: [mem 0x0000000000100000-0x000000003ffeffff]
[    0.000000] Initmem setup node 0 [mem 0x0000000000001000-0x000000003ffeffff]
[    0.000000] ACPI: PM-Timer IO Port: 0x4008
[    0.000000] IOAPIC[0]: apic_id 2, version 32, address 0xfec00000, GSI 0-23
[    0.000000] ACPI: INT_SRC_OVR (bus 0 bus_irq 0 global_irq 2 dfl dfl)
[    0.000000] ACPI: INT_SRC_OVR (bus 0 bus_irq 9 global_irq 9 low level)
[    0.000000] Using ACPI (MADT) for SMP configuration information
[    0.000000] smpboot: Allowing 2 CPUs, 0 hotplug CPUs
[    0.000000] PM: Registered nosave memory: [mem 0x00000000-0x00000fff]
[    0.000000] PM: Registered nosave memory: [mem 0x0009f000-0x0009ffff]
[    0.000000] PM: Registered nosave memory: [mem 0x000a0000-0x000effff]
[    0.000000] PM: Registered nosave memory: [mem 0x000f0000-0x000fffff]
[    0.000000] e820: [mem 0x40000000-0xfebfffff] available for PCI devices
[    0.000000] Booting paravirtualized kernel on KVM
[    0.000000] clocksource: refined-jiffies: mask: 0xffffffff max_cycles: 0xffffffff, max_idle_ns: 7645519600211568 ns
[    0.000000] setup_percpu: NR_CPUS:512 nr_cpumask_bits:512 nr_cpu_ids:2 nr_node_ids:1
[    0.000000] PERCPU: Embedded 33 pages/cpu @ffff88003fc00000 s95448 r8192 d31528 u1048576
[    0.000000] Built 1 zonelists in Node order, mobility grouping on.  Total pages: 257912
[    0.000000] Policy zone: DMA32
[    0.000000] Kernel command line: BOOT_IMAGE=/boot/vmlinuz-4.4.0-170-generic root=LABEL=cloudimg-rootfs ro console=tty1 console=ttyS0
[    0.000000] PID hash table entries: 4096 (order: 3, 32768 bytes)
[    0.000000] Memory: 997728K/1048120K available (8626K kernel code, 1336K rwdata, 4036K rodata, 1488K init, 1288K bss, 50392K reserved, 0K cma-reserved)
[    0.000000] SLUB: HWalign=64, Order=0-3, MinObjects=0, CPUs=2, Nodes=1
[    0.000000] Kernel/User page tables isolation: enabled
[    0.000000] Hierarchical RCU implementation.
[    0.000000] 	Build-time adjustment of leaf fanout to 64.
[    0.000000] 	RCU restricting CPUs from NR_CPUS=512 to nr_cpu_ids=2.
[    0.000000] RCU: Adjusting geometry for rcu_fanout_leaf=64, nr_cpu_ids=2
[    0.000000] NR_IRQS:33024 nr_irqs:440 16
[    0.000000] Console: colour VGA+ 80x25
[    0.000000] console [tty1] enabled
[    0.000000] console [ttyS0] enabled
[    0.000000] tsc: Detected 2711.998 MHz processor
[    0.191968] Calibrating delay loop (skipped) preset value.. 5423.99 BogoMIPS (lpj=10847992)
[    0.194379] pid_max: default: 32768 minimum: 301
[    0.195712] ACPI: Core revision 20150930
[    0.199150] ACPI: 2 ACPI AML tables successfully acquired and loaded
[    0.201037] Security Framework initialized
[    0.202206] Yama: becoming mindful.
[    0.203408] AppArmor: AppArmor initialized
[    0.204691] Dentry cache hash table entries: 131072 (order: 8, 1048576 bytes)
[    0.209657] Inode-cache hash table entries: 65536 (order: 7, 524288 bytes)
[    0.211687] Mount-cache hash table entries: 2048 (order: 2, 16384 bytes)
[    0.213354] Mountpoint-cache hash table entries: 2048 (order: 2, 16384 bytes)
[    0.215293] Initializing cgroup subsys io
[    0.216494] Initializing cgroup subsys memory
[    0.217733] Initializing cgroup subsys devices
[    0.218979] Initializing cgroup subsys freezer
[    0.220343] Initializing cgroup subsys net_cls
[    0.221607] Initializing cgroup subsys perf_event
[    0.222954] Initializing cgroup subsys net_prio
[    0.224250] Initializing cgroup subsys hugetlb
[    0.225484] Initializing cgroup subsys pids
[    0.228392] mce: CPU supports 0 MCE banks
[    0.229548] Last level iTLB entries: 4KB 64, 2MB 8, 4MB 8
[    0.230915] Last level dTLB entries: 4KB 64, 2MB 0, 4MB 0, 1GB 4
[    0.232488] Spectre V1 : Mitigation: usercopy/swapgs barriers and __user pointer sanitization
[    0.234758] Spectre V2 : Mitigation: Full generic retpoline
[    0.236365] Spectre V2 : Spectre v2 / SpectreRSB mitigation: Filling RSB on context switch
[    0.238600] Speculative Store Bypass: Vulnerable
[    0.240060] MDS: Vulnerable: Clear CPU buffers attempted, no microcode
[    0.245099] Freeing SMP alternatives memory: 36K
[    0.253750] ftrace: allocating 32302 entries in 127 pages
[    0.330112] smpboot: APIC(0) Converting physical 0 to logical package 0
[    0.331950] smpboot: Max logical packages: 1
[    0.333592] x2apic enabled
[    0.334845] Switched APIC routing to physical x2apic.
[    0.337834] ..TIMER: vector=0x30 apic1=0 pin1=2 apic2=-1 pin2=-1
[    0.447571] smpboot: CPU0: Intel(R) Core(TM) i5-7200U CPU @ 2.50GHz (family: 0x6, model: 0x8e, stepping: 0x9)
[    0.450576] Performance Events: unsupported p6 CPU model 142 no PMU driver, software events only.
[    0.466150] KVM setup paravirtual spinlock
[    0.468058] x86: Booting SMP configuration:
[    0.469347] .... node  #0, CPUs:      #1
[    0.470644] kvm-clock: cpu 1, msr 0:3ffe3041, secondary cpu clock
[    0.472731] mce: CPU supports 0 MCE banks
[    0.475325] x86: Booted up 1 node, 2 CPUs
[    0.476752] smpboot: Total of 2 processors activated (10847.99 BogoMIPS)
[    0.478964] devtmpfs: initialized
[    0.481963] evm: security.selinux
[    0.483038] evm: security.SMACK64
[    0.484132] evm: security.SMACK64EXEC
[    0.485194] evm: security.SMACK64TRANSMUTE
[    0.486394] evm: security.SMACK64MMAP
[    0.487502] evm: security.ima
[    0.488536] evm: security.capability
[    0.489932] clocksource: jiffies: mask: 0xffffffff max_cycles: 0xffffffff, max_idle_ns: 7645041785100000 ns
[    0.492505] futex hash table entries: 512 (order: 3, 32768 bytes)
[    0.494193] pinctrl core: initialized pinctrl subsystem
[    0.495692] RTC time:  9:00:21, date: 01/22/20
[    0.497106] NET: Registered protocol family 16
[    0.512382] cpuidle: using governor ladder
[    0.525059] cpuidle: using governor menu
[    0.526358] PCCT header not found.
[    0.527577] ACPI: bus type PCI registered
[    0.528974] acpiphp: ACPI Hot Plug PCI Controller Driver version: 0.5
[    0.530692] PCI: Using configuration type 1 for base access
[    0.544739] ACPI: Added _OSI(Module Device)
[    0.546242] ACPI: Added _OSI(Processor Device)
[    0.547532] ACPI: Added _OSI(3.0 _SCP Extensions)
[    0.548799] ACPI: Added _OSI(Processor Aggregator Device)
[    0.550995] ACPI: Executed 1 blocks of module-level executable AML code
[    0.555533] ACPI: Interpreter enabled
[    0.556688] ACPI: (supports S0 S5)
[    0.557714] ACPI: Using IOAPIC for interrupt routing
[    0.559227] PCI: Using host bridge windows from ACPI; if necessary, use "pci=nocrs" and report a bug
[    0.566116] ACPI: PCI Root Bridge [PCI0] (domain 0000 [bus 00-ff])
[    0.567881] acpi PNP0A03:00: _OSC: OS supports [ASPM ClockPM Segments MSI]
[    0.570013] acpi PNP0A03:00: _OSC: not requesting OS control; OS requires [ExtendedConfig ASPM ClockPM MSI]
[    0.572651] acpi PNP0A03:00: fail to add MMCONFIG information, can't access extended PCI configuration space under this bridge.
[    0.575887] PCI host bridge to bus 0000:00
[    0.577171] pci_bus 0000:00: root bus resource [io  0x0000-0x0cf7 window]
[    0.579099] pci_bus 0000:00: root bus resource [io  0x0d00-0xffff window]
[    0.580850] pci_bus 0000:00: root bus resource [mem 0x000a0000-0x000bffff window]
[    0.583038] pci_bus 0000:00: root bus resource [mem 0x40000000-0xfdffffff window]
[    0.585340] pci_bus 0000:00: root bus resource [bus 00-ff]
[    0.589054] pci 0000:00:01.1: legacy IDE quirk: reg 0x10: [io  0x01f0-0x01f7]
[    0.590898] pci 0000:00:01.1: legacy IDE quirk: reg 0x14: [io  0x03f6]
[    0.592688] pci 0000:00:01.1: legacy IDE quirk: reg 0x18: [io  0x0170-0x0177]
[    0.594497] pci 0000:00:01.1: legacy IDE quirk: reg 0x1c: [io  0x0376]
[    0.631883] pci 0000:00:07.0: quirk: [io  0x4000-0x403f] claimed by PIIX4 ACPI
[    0.634078] pci 0000:00:07.0: quirk: [io  0x4100-0x410f] claimed by PIIX4 SMB
[    0.648950] ACPI: PCI Interrupt Link [LNKA] (IRQs 5 9 10 *11)
[    0.651364] ACPI: PCI Interrupt Link [LNKB] (IRQs 5 9 *10 11)
[    0.653348] ACPI: PCI Interrupt Link [LNKC] (IRQs 5 *9 10 11)
[    0.655272] ACPI: PCI Interrupt Link [LNKD] (IRQs 5 9 10 *11)
[    0.657160] ACPI: Enabled 2 GPEs in block 00 to 07
[    0.658900] vgaarb: setting as boot device: PCI:0000:00:02.0
[    0.660224] vgaarb: device added: PCI:0000:00:02.0,decodes=io+mem,owns=io+mem,locks=none
[    0.662237] vgaarb: loaded
[    0.663166] vgaarb: bridge control possible 0000:00:02.0
[    0.664995] SCSI subsystem initialized
[    0.666342] ACPI: bus type USB registered
[    0.667601] usbcore: registered new interface driver usbfs
[    0.669042] usbcore: registered new interface driver hub
[    0.670510] usbcore: registered new device driver usb
[    0.672267] PCI: Using ACPI for IRQ routing
[    0.673832] NetLabel: Initializing
[    0.674959] NetLabel:  domain hash size = 128
[    0.676319] NetLabel:  protocols = UNLABELED CIPSOv4
[    0.680608] NetLabel:  unlabeled traffic allowed by default
[    0.682468] amd_nb: Cannot enumerate AMD northbridges
[    0.684218] clocksource: Switched to clocksource kvm-clock
[    0.698244] AppArmor: AppArmor Filesystem Enabled
[    0.699783] pnp: PnP ACPI init
[    0.701731] pnp: PnP ACPI: found 3 devices
[    0.713131] clocksource: acpi_pm: mask: 0xffffff max_cycles: 0xffffff, max_idle_ns: 2085701024 ns
[    0.715561] NET: Registered protocol family 2
[    0.716950] TCP established hash table entries: 8192 (order: 4, 65536 bytes)
[    0.718879] TCP bind hash table entries: 8192 (order: 5, 131072 bytes)
[    0.720551] TCP: Hash tables configured (established 8192 bind 8192)
[    0.722238] UDP hash table entries: 512 (order: 2, 16384 bytes)
[    0.723739] UDP-Lite hash table entries: 512 (order: 2, 16384 bytes)
[    0.725457] NET: Registered protocol family 1
[    0.726671] pci 0000:00:00.0: Limiting direct PCI/PCI transfers
[    0.728229] pci 0000:00:01.0: Activating ISA DMA hang workarounds
[    0.730014] Unpacking initramfs...
[    1.013893] Freeing initrd memory: 14828K
[    1.015729] clocksource: tsc: mask: 0xffffffffffffffff max_cycles: 0x27178451938, max_idle_ns: 440795251172 ns
[    1.019619] platform rtc_cmos: registered platform RTC device (no PNP device found)
[    1.022709] Scanning for low memory corruption every 60 seconds
[    1.025377] audit: initializing netlink subsys (disabled)
[    1.027289] audit: type=2000 audit(1579683626.417:1): initialized
[    1.029960] Initialise system trusted keyring
[    1.031953] HugeTLB registered 2 MB page size, pre-allocated 0 pages
[    1.035938] zbud: loaded
[    1.037420] VFS: Disk quotas dquot_6.6.0
[    1.038655] VFS: Dquot-cache hash table entries: 512 (order 0, 4096 bytes)
[    1.040780] squashfs: version 4.0 (2009/01/31) Phillip Lougher
[    1.042942] fuse init (API version 7.23)
[    1.044356] Key type big_key registered
[    1.045855] Allocating IMA MOK and blacklist keyrings.
[    1.049838] Key type asymmetric registered
[    1.051057] Asymmetric key parser 'x509' registered
[    1.052421] Block layer SCSI generic (bsg) driver version 0.4 loaded (major 249)
[    1.054733] io scheduler noop registered
[    1.055870] io scheduler deadline registered (default)
[    1.057269] io scheduler cfq registered
[    1.058461] pci_hotplug: PCI Hot Plug PCI Core version: 0.5
[    1.059969] pciehp: PCI Express Hot Plug Controller Driver version: 0.4
[    1.061930] ACPI: AC Adapter [AC] (on-line)
[    1.063237] input: Power Button as /devices/LNXSYSTM:00/LNXPWRBN:00/input/input0
[    1.065581] ACPI: Power Button [PWRF]
[    1.066823] input: Sleep Button as /devices/LNXSYSTM:00/LNXSLPBN:00/input/input1
[    1.069131] ACPI: Sleep Button [SLPF]
[    1.071362] ACPI: Battery Slot [BAT0] (battery present)
[    1.072917] GHES: HEST is not enabled!
[    1.074195] Serial: 8250/16550 driver, 32 ports, IRQ sharing enabled
[    1.096465] 00:02: ttyS0 at I/O 0x3f8 (irq = 4, base_baud = 115200) is a 16550A
[    1.102322] Linux agpgart interface v0.103
[    1.106045] loop: module loaded
[    1.108077] scsi host0: ata_piix
[    1.109144] scsi host1: ata_piix
[    1.110112] ata1: PATA max UDMA/33 cmd 0x1f0 ctl 0x3f6 bmdma 0xd000 irq 14
[    1.111642] ata2: PATA max UDMA/33 cmd 0x170 ctl 0x376 bmdma 0xd008 irq 15
[    1.113356] libphy: Fixed MDIO Bus: probed
[    1.114472] tun: Universal TUN/TAP device driver, 1.6
[    1.115807] tun: (C) 1999-2004 Max Krasnyansky <maxk@qualcomm.com>
[    1.117654] PPP generic driver version 2.4.2
[    1.118990] ehci_hcd: USB 2.0 'Enhanced' Host Controller (EHCI) Driver
[    1.120631] ehci-pci: EHCI PCI platform driver
[    1.121964] ehci-platform: EHCI generic platform driver
[    1.123444] ohci_hcd: USB 1.1 'Open' Host Controller (OHCI) Driver
[    1.125124] ohci-pci: OHCI PCI platform driver
[    1.126378] ohci-platform: OHCI generic platform driver
[    1.127811] uhci_hcd: USB Universal Host Controller Interface driver
[    1.129647] i8042: PNP: PS/2 Controller [PNP0303:PS2K,PNP0f03:PS2M] at 0x60,0x64 irq 1,12
[    1.132512] serio: i8042 KBD port at 0x60,0x64 irq 1
[    1.133867] serio: i8042 AUX port at 0x60,0x64 irq 12
[    1.135548] mousedev: PS/2 mouse device common for all mice
[    1.137598] input: AT Translated Set 2 keyboard as /devices/platform/i8042/serio0/input/input2
[    1.140513] rtc_cmos rtc_cmos: rtc core: registered rtc_cmos as rtc0
[    1.142248] rtc_cmos rtc_cmos: alarms up to one day, 114 bytes nvram
[    1.143848] i2c /dev entries driver
[    1.145040] device-mapper: uevent: version 1.0.3
[    1.146511] device-mapper: ioctl: 4.34.0-ioctl (2015-10-28) initialised: dm-devel@redhat.com
[    1.148856] ledtrig-cpu: registered to indicate activity on CPUs
[    1.150779] NET: Registered protocol family 10
[    1.152101] NET: Registered protocol family 17
[    1.153305] Key type dns_resolver registered
[    1.154905] registered taskstats version 1
[    1.155967] Loading compiled-in X.509 certificates
[    1.157756] Loaded X.509 cert 'Build time autogenerated kernel key: f0e56e97f406068ace47a9bf54316e9855aaaa43'
[    1.160239] zswap: loaded using pool lzo/zbud
[    1.163172] Key type trusted registered
[    1.167826] Key type encrypted registered
[    1.169225] AppArmor: AppArmor sha1 policy hashing enabled
[    1.170668] ima: No TPM chip found, activating TPM-bypass!
[    1.172186] ima: Allocated hash algorithm: sha1
[    1.173528] evm: HMAC attrs: 0x1
[    1.175018]   Magic number: 4:536:20
[    1.176274] rtc_cmos rtc_cmos: setting system clock to 2020-01-22 09:00:21 UTC (1579683621)
[    1.178770] BIOS EDD facility v0.16 2004-Jun-25, 0 devices found
[    1.180327] EDD information not available.
[    1.270032] Freeing unused kernel memory: 1488K
[    1.271592] Write protecting the kernel read-only data: 14336k
[    1.274143] Freeing unused kernel memory: 1604K
[    1.275985] Freeing unused kernel memory: 60K
Loading, please wait...
starting version 229
[    1.298031] random: systemd-udevd: uninitialized urandom read (16 bytes read, 3 bits of entropy available)
[    1.299075] random: udevadm: uninitialized urandom read (16 bytes read, 3 bits of entropy available)
[    1.299105] random: udevadm: uninitialized urandom read (16 bytes read, 3 bits of entropy available)
[    1.308122] random: systemd-udevd: uninitialized urandom read (16 bytes read, 3 bits of entropy available)
[    1.311494] random: udevadm: uninitialized urandom read (16 bytes read, 3 bits of entropy available)
[    1.311565] random: udevadm: uninitialized urandom read (16 bytes read, 3 bits of entropy available)
[    1.311759] random: udevadm: uninitialized urandom read (16 bytes read, 3 bits of entropy available)
[    1.311815] random: udevadm: uninitialized urandom read (16 bytes read, 3 bits of entropy available)
[    1.311866] random: udevadm: uninitialized urandom read (16 bytes read, 3 bits of entropy available)
[    1.311919] random: udevadm: uninitialized urandom read (16 bytes read, 3 bits of entropy available)
[    1.372457] e1000: Intel(R) PRO/1000 Network Driver - version 7.3.21-k8-NAPI
[    1.374788] e1000: Copyright (c) 1999-2006 Intel Corporation.
[    1.378919] Fusion MPT base driver 3.04.20
[    1.380104] Copyright (c) 1999-2008 LSI Corporation
[    1.387071] Fusion MPT SPI Host driver 3.04.20
[    1.403210] AVX2 version of gcm_enc/dec engaged.
[    1.404449] AES CTR mode by8 optimization enabled
[    1.594166] input: ImExPS/2 Generic Explorer Mouse as /devices/platform/i8042/serio1/input/input4
[    1.775053] e1000 0000:00:03.0 eth0: (PCI:33MHz:32-bit) 02:dd:45:a7:5d:a0
[    1.777051] e1000 0000:00:03.0 eth0: Intel(R) PRO/1000 Network Connection
[    2.175667] e1000 0000:00:08.0 eth1: (PCI:33MHz:32-bit) 08:00:27:36:a7:e9
[    2.177460] e1000 0000:00:08.0 eth1: Intel(R) PRO/1000 Network Connection
[    2.180270] mptbase: ioc0: Initiating bringup
[    2.182287] e1000 0000:00:03.0 enp0s3: renamed from eth0
[    2.199371] e1000 0000:00:08.0 enp0s8: renamed from eth1
[    2.483409] ioc0: LSI53C1030 A0: Capabilities={Initiator}
[    3.514966] scsi host2: ioc0: LSI53C1030 A0, FwRev=00000000h, Ports=1, MaxQ=256, IRQ=20
[    4.174602] scsi 2:0:0:0: Direct-Access     VBOX     HARDDISK         1.0  PQ: 0 ANSI: 5
[    4.177847] scsi target2:0:0: Beginning Domain Validation
[    4.181194] scsi target2:0:0: Domain Validation skipping write tests
[    4.183116] scsi target2:0:0: Ending Domain Validation
[    4.184982] scsi target2:0:0: asynchronous
[    4.187113] scsi 2:0:1:0: Direct-Access     VBOX     HARDDISK         1.0  PQ: 0 ANSI: 5
[    4.189262] scsi target2:0:1: Beginning Domain Validation
[    4.209298] scsi target2:0:1: Domain Validation skipping write tests
[    4.210766] scsi target2:0:1: Ending Domain Validation
[    4.212070] scsi target2:0:1: asynchronous
[    4.221904] sd 2:0:0:0: [sda] 20971520 512-byte logical blocks: (10.7 GB/10.0 GiB)
[    4.222179] sd 2:0:0:0: Attached scsi generic sg0 type 0
[    4.228346] sd 2:0:0:0: [sda] Write Protect is off
[    4.230080] sd 2:0:1:0: Attached scsi generic sg1 type 0
[    4.232370] sd 2:0:1:0: [sdb] 20480 512-byte logical blocks: (10.5 MB/10.0 MiB)
[    4.232718] sd 2:0:0:0: [sda] Incomplete mode parameter data
[    4.232722] sd 2:0:0:0: [sda] Assuming drive cache: write through
[    4.234362]  sda: sda1
[    4.235679] sd 2:0:0:0: [sda] Attached SCSI disk
[    4.244208] sd 2:0:1:0: [sdb] Write Protect is off
[    4.246799] sd 2:0:1:0: [sdb] Incomplete mode parameter data
[    4.249010] sd 2:0:1:0: [sdb] Assuming drive cache: write through
[    4.255921] sd 2:0:1:0: [sdb] Attached SCSI disk
Begin: Loading essential drivers ... [    5.796010] md: linear personality registered for level -1
[    5.800442] md: multipath personality registered for level -4
[    5.805073] md: raid0 personality registered for level 0
[    5.811037] md: raid1 personality registered for level 1
[    5.884466] raid6: sse2x1   gen() 10417 MB/s
[    5.952316] raid6: sse2x1   xor()  7861 MB/s
[    6.020251] raid6: sse2x2   gen() 12637 MB/s
[    6.088473] raid6: sse2x2   xor()  8982 MB/s
[    6.156280] raid6: sse2x4   gen() 14147 MB/s
[    6.224636] raid6: sse2x4   xor()  9676 MB/s
[    6.292472] raid6: avx2x1   gen() 19546 MB/s
[    6.360273] raid6: avx2x2   gen() 22971 MB/s
[    6.428237] raid6: avx2x4   gen() 24155 MB/s
[    6.430287] raid6: using algorithm avx2x4 gen() 24155 MB/s
[    6.432440] raid6: using avx2x2 recovery algorithm
[    6.436565] xor: automatically using best checksumming function:
[    6.476461]    avx       : 19043.000 MB/sec
[    6.480070] async_tx: api initialized (async)
[    6.493799] md: raid6 personality registered for level 6
[    6.495836] md: raid5 personality registered for level 5
[    6.499259] md: raid4 personality registered for level 4
[    6.508907] md: raid10 personality registered for level 10
done.
Begin: Running /scripts/init-premount ... done.
Begin: Mounting root file system ... Begin: Running /scripts/local-top ... done.
Begin: Running /scripts/local-premount ... [    6.550060] Btrfs loaded
Scanning for Btrfs filesystems
done.
Warning: fsck not present, so skipping root file system
[    6.588994] EXT4-fs (sda1): mounted filesystem with ordered data mode. Opts: (null)
done.
Begin: Running /scripts/local-bottom ... done.
Begin: Running /scripts/init-bottom ... done.
[    6.706309] systemd[1]: systemd 229 running in system mode. (+PAM +AUDIT +SELINUX +IMA +APPARMOR +SMACK +SYSVINIT +UTMP +LIBCRYPTSETUP +GCRYPT +GNUTLS +ACL +XZ -LZ4 +SECCOMP +BLKID +ELFUTILS +KMOD -IDN)
[    6.710688] systemd[1]: Detected virtualization oracle.
[    6.711959] systemd[1]: Detected architecture x86-64.

Welcome to [1mUbuntu 16.04.6 LTS[0m!

[    6.722010] systemd[1]: Set hostname to <ubuntu>.
[    6.727246] systemd[1]: Initializing machine ID from random generator.
[    6.729194] systemd[1]: Installed transient /etc/machine-id file.
[    6.908691] systemd[1]: Listening on Journal Audit Socket.
[[0;32m  OK  [0m] Listening on Journal Audit Socket.
[    6.911638] systemd[1]: Set up automount Arbitrary Executable File Formats File System Automount Point.
[[0;32m  OK  [0m] Set up automount Arbitrary Executab...ats File System Automount Point.
[    6.915609] systemd[1]: Reached target Swap.
[[0;32m  OK  [0m] Reached target Swap.
[    6.917912] systemd[1]: Reached target System Time Synchronized.
[[0;32m  OK  [0m] Reached target System Time Synchronized.
[    6.920885] systemd[1]: Listening on LVM2 poll daemon socket.
[[0;32m  OK  [0m] Listening on LVM2 poll daemon socket.
[    6.923493] systemd[1]: Reached target User and Group Name Lookups.
[[0;32m  OK  [0m] Reached target User and Group Name Lookups.
[    6.926256] systemd[1]: Reached target Encrypted Volumes.
[[0;32m  OK  [0m] Reached target Encrypted Volumes.
[    6.928841] systemd[1]: Started Forward Password Requests to Wall Directory Watch.
[[0;32m  OK  [0m] Started Forward Password Requests to Wall Directory Watch.
[    6.932245] systemd[1]: Listening on Journal Socket.
[[0;32m  OK  [0m] Listening on Journal Socket.
[    6.934709] systemd[1]: Started Trigger resolvconf update for networkd DNS.
[[0;32m  OK  [0m] Started Trigger resolvconf update for networkd DNS.
[    6.937781] systemd[1]: Listening on /dev/initctl Compatibility Named Pipe.
[[0;32m  OK  [0m] Listening on /dev/initctl Compatibility Named Pipe.
[    6.940733] systemd[1]: Listening on udev Kernel Socket.
[[0;32m  OK  [0m] Listening on udev Kernel Socket.
[    6.942985] systemd[1]: Listening on udev Control Socket.
[[0;32m  OK  [0m] Listening on udev Control Socket.
[    6.945737] systemd[1]: Created slice User and Session Slice.
[[0;32m  OK  [0m] Created slice User and Session Slice.
[    6.948222] systemd[1]: Listening on Journal Socket (/dev/log).
[[0;32m  OK  [0m] Listening on Journal Socket (/dev/log).
[    6.950776] systemd[1]: Listening on Device-mapper event daemon FIFOs.
[[0;32m  OK  [0m] Listening on Device-mapper event daemon FIFOs.
[    6.953580] systemd[1]: Listening on LVM2 metadata daemon socket.
[[0;32m  OK  [0m] Listening on LVM2 metadata daemon socket.
[    6.956459] systemd[1]: Created slice System Slice.
[[0;32m  OK  [0m] Created slice System Slice.
[    6.972713] systemd[1]: Mounting Huge Pages File System...
         Mounting Huge Pages File System...
[    6.975954] systemd[1]: Starting Monitoring of LVM2 mirrors, snapshots etc. using dmeventd or progress polling...
         Starting Monitoring of LVM2 mirrors... dmeventd or progress polling...
[    6.981667] systemd[1]: Starting Nameserver information manager...
         Starting Nameserver information manager...
[    6.989935] systemd[1]: Starting Create list of required static device nodes for the current kernel...
         Starting Create list of required st... nodes for the current kernel...
[    6.995634] systemd[1]: Starting Uncomplicated firewall...
         Starting Uncomplicated firewall...
[    7.005780] systemd[1]: Mounting Debug File System...
         Mounting Debug File System...
[    7.008847] systemd[1]: Reached target Slices.
[[0;32m  OK  [0m] Reached target Slices.
[    7.017210] systemd[1]: Created slice system-serial\x2dgetty.slice.
[[0;32m  OK  [0m] Created slice system-serial\x2dgetty.slice.
[    7.041525] systemd[1]: Starting Load Kernel Modules...
         Starting Load Kernel Modules...
[    7.046228] systemd[1]: Starting Set console keymap...
         Starting Set console keymap...
[    7.050710] systemd[1]: Starting Remount Root and Kernel File Systems...
         Starting Remount Root and Kernel File Systems...
[    7.057130] systemd[1]: Listening on Syslog Socket.
[    7.059255] EXT4-fs (sda1): re-mounted. Opts: (null)
[[0;32m  OK  [0m] Listening on Syslog Socket.
[    7.062851] systemd[1]: Starting Journal Service...
         Starting Journal Service...
[    7.065997] Loading iSCSI transport class v2.0-870.
[    7.069210] systemd[1]: Mounting POSIX Message Queue File System...
         Mounting POSIX Message Queue File System...
[    7.074535] systemd[1]: Mounted Debug File System.
[[0;32m  OK  [0m] Mounted Debug File System.
[    7.077266] systemd[1]: Mounted Huge Pages File System.
[[0;32m  OK  [0m] Mounted Huge Pages File System.
[    7.081625] systemd[1]: Started Create list of required static device nodes for the current kernel.
[[0;32m  OK  [0m] Started Create list of required sta...ce nodes for the current kernel.
[    7.087468] systemd[1]: Started Uncomplicated firewall.
[[0;32m  OK  [0m] Started Uncomplicated firewall.
[    7.092111] systemd[1]: Started Remount Root and Kernel File Systems.
[    7.095410] iscsi: registered transport (tcp)
[[0;32m  OK  [0m] Started Remount Root and Kernel File Systems.
[    7.098564] systemd[1]: Mounted POSIX Message Queue File System.
[[0;32m  OK  [0m] Mounted POSIX Message Queue File System.
[    7.116555] systemd[1]: Started Nameserver information manager.
[[0;32m  OK  [0m] Started Nameserver information manager.
[    7.122861] systemd[1]: Started LVM2 metadata daemon.
[[0;32m  OK  [0m] Started LVM2 metadata daemon.
[    7.133484] systemd[1]: Starting Load/Save Random Seed...
         Starting Load/Save Random Seed...
[    7.140516] systemd[1]: Starting udev Coldplug all Devices...
         Starting udev Coldplug all Devices...
[    7.147278] systemd[1]: Starting Create Static Device Nodes in /dev...
         Starting Create Static Device Nodes in /dev...
[    7.156361] systemd[1]: Started Journal Service.
[[0;32m  OK  [0m] Started Journal Service.
[[0;32m  OK  [0m] Started Load/Save Random Seed.
         Starting Flush Journal to Persistent Storage...
[    7.180488] systemd-journald[395]: Received request to flush runtime journal from PID 1
[[0;32m  OK  [0m] Started Flush Journal to Persistent Storage.
[[0;32m  OK  [0m] Started Create Static Device Nodes in /dev.
[    7.198002] iscsi: registered transport (iser)
         Starting udev Kernel Device Manager...
[[0;32m  OK  [0m] Started Load Kernel Modules.
[[0;32m  OK  [0m] Started Set console keymap.
         Mounting FUSE Control File System...
         Starting Apply Kernel Variables...
[[0;32m  OK  [0m] Mounted FUSE Control File System.
[[0;32m  OK  [0m] Started Apply Kernel Variables.
[[0;32m  OK  [0m] Started udev Kernel Device Manager.
[[0;32m  OK  [0m] Started udev Coldplug all Devices.
[[0;32m  OK  [0m] Started Dispatch Password Requests to Console Directory Watch.
[[0;32m  OK  [0m] Found device /dev/ttyS0.
[[0;32m  OK  [0m] Started Monitoring of LVM2 mirrors,...ng dmeventd or progress polling.
[[0;32m  OK  [0m] Reached target Local File Systems (Pre).
[[0;32m  OK  [0m] Reached target Local File Systems.
         Starting Set console font and keymap...
         Starting Tell Plymouth To Write Out Runtime Data...
         Starting LSB: AppArmor initialization...
         Starting Initial cloud-init job (pre-networking)...
         Starting Create Volatile Files and Directories...
         Starting Commit a transient machine-id on disk...
[[0;32m  OK  [0m] Started Tell Plymouth To Write Out Runtime Data.
[[0;32m  OK  [0m] Started Create Volatile Files and Directories.
         Starting Update UTMP about System Boot/Shutdown...
[[0;32m  OK  [0m] Started Commit a transient machine-id on disk.
[[0;32m  OK  [0m] Started Update UTMP about System Boot/Shutdown.
[[0;32m  OK  [0m] Listening on Load/Save RF Kill Switch Status /dev/rfkill Watch.
[    9.153099] cloud-init[517]: Cloud-init v. 19.2-36-g059d049c-0ubuntu2~16.04.1 running 'init-local' at Wed, 22 Jan 2020 09:00:29 +0000. Up 8.57 seconds.
[[0;32m  OK  [0m] Started Initial cloud-init job (pre-networking).
[[0;32m  OK  [0m] Reached target Network (Pre).
[[0;32m  OK  [0m] Started Set console font and keymap.
[[0;32m  OK  [0m] Created slice system-getty.slice.
[[0;32m  OK  [0m] Started LSB: AppArmor initialization.
         Starting Raise network interfaces...
[[0;32m  OK  [0m] Started Raise network interfaces.
         Starting Initial cloud-init job (metadata service crawler)...
[[0;32m  OK  [0m] Reached target Network.
[   11.464922] cloud-init[971]: Cloud-init v. 19.2-36-g059d049c-0ubuntu2~16.04.1 running 'init' at Wed, 22 Jan 2020 09:00:31 +0000. Up 10.81 seconds.
[   11.472546] cloud-init[971]: ci-info: ++++++++++++++++++++++++++++++++++++++Net device info+++++++++++++++++++++++++++++++++++++++
[   11.476270] cloud-init[971]: ci-info: +--------+-------+----------------------------+---------------+--------+-------------------+
[   11.479333] cloud-init[971]: ci-info: | Device |   Up  |          Address           |      Mask     | Scope  |     Hw-Address    |
[   11.482812] cloud-init[971]: ci-info: +--------+-------+----------------------------+---------------+--------+-------------------+
[   11.485746] cloud-init[971]: ci-info: | enp0s3 |  True |         10.0.2.15          | 255.255.255.0 | global | 02:dd:45:a7:5d:a0 |
[   11.489275] cloud-init[971]: ci-info: | enp0s3 |  True | fe80::dd:45ff:fea7:5da0/64 |       .       |  link  | 02:dd:45:a7:5d:a0 |
[   11.496592] cloud-init[971]: ci-info: | enp0s8 | False |             .              |       .       |   .    | 08:00:27:36:a7:e9 |
[   11.498635] cloud-init[971]: ci-info: |   lo   |  True |         127.0.0.1          |   255.0.0.0   |  host  |         .         |
[   11.500666] cloud-init[971]: ci-info: |   lo   |  True |          ::1/128           |       .       |  host  |         .         |
[   11.502678] cloud-init[971]: ci-info: +--------+-------+----------------------------+---------------+--------+-------------------+
[   11.505929] cloud-init[971]: ci-info: +++++++++++++++++++++++++++Route IPv4 info++++++++++++++++++++++++++++
[   11.512464] cloud-init[971]: ci-info: +-------+-------------+----------+---------------+-----------+-------+
[   11.515498] cloud-init[971]: ci-info: | Route | Destination | Gateway  |    Genmask    | Interface | Flags |
[   11.519558] [[0;32m  OK  [0m] Started Initial cloud-init job (metadata service crawler).
[[0;32m  OK  [0m] Reached target System Initialization.
cloud-init[[0;32m  OK  [0m] Started ACPI Events Check.
[[0;32m  OK  [0m] Reached target Paths.
[971]: ci-info: +-------+-------------+----------+---------------+-----------+-------+         Starting LXD - unix socket.
[[0;32m  OK  [0m] Started Daily apt download activities.
[[0;32m  OK  [0m] Started Daily apt upgrade and clean activities.
[[0;32m  OK  [0m] Started Message of the Day.
         Starting Socket activation for snappy daemon.

[   11.527645] cloud-init[971]: ci-info: |   0   |   0.0.0.0   | 10.0.2.2 |    0.0.0.0    |   enp0s3  |   UG  |
[   11.532922] cloud-init[971]: ci-info: |   1   |   10.0.2.0  | 0.0.0.0  | 255.255.255.0 |   enp0s3  |   U   |
[   11.533443] cloud-init[971]: ci-info: +-------+-------------+----------+---------------+-----------+-------+
[   11.534104] cloud-init[971]: ci-info: +++++++++++++++++++Route IPv6 info+++++++++++++++++++
[   11.534751] cloud-init[971]: ci-info: +-------+-------------+---------+-----------+-------+
[   11.535357] cloud-init[971]: ci-info: | Route | Destination | Gateway | Interface | Flags |
[   11.535942] cloud-init[971]: ci-info: +-------+-------------+---------+-----------+-------+
[   11.536223] cloud-init[971]: ci-info: |   0   |  fe80::/64  |    ::   |   enp0s3  |   U   |
[[0;32m  OK  [0m[   11.536303] cloud-init[971]: ] ci-info: |   3   |   ff00::/8  |    ::   |   enp0s3  |   U   |Listening on ACPID Listen Socket.

[   11.536369] cloud-init[971]: ci-info: +-------+-------------+---------+-----------+-------+
[   11.543693] cloud-init[971]: Generating public/private rsa key pair.
[   11.544587] cloud-init[971]: Your identification has been saved in /etc/ssh/ssh_host_rsa_key.
[   11.545197] cloud-init[971]: Your public key has been saved in /etc/ssh/ssh_host_rsa_key.pub.
[   11.545857] cloud-init[971]: The key fingerprint is:
[   11.546776] cloud-init[971]: SHA256:7NG8m0+hu8bB6w1rwjcIEXYxMgKxUfsszxUOd73VUpI root@ubuntu-xenial
[   11.547090] cloud-init[971]: The key's randomart image is:
[   11.547632] cloud-init[971]: +---[RSA 2048]----+
[   11.548059] cloud-init[971]: |  ++o o o.    ...|
[[0;32m  OK  [0m] Listening on D-Bus System Message Bus Socket.[   11.548296] cloud-init[971]: |   o ooo.. .  E+ |
[   11.548776] cloud-init[971]: |  . ...oo . . o .|
[   11.549398] cloud-init[971]: |     o.= =   o . |
[   11.550012] cloud-init[971]: |    . o.S.o o    |
[   11.550653] cloud-init[971]: |     +.o .oo .   |
[   11.551298] cloud-init[971]: |      oo.o+o.    |
[   11.551920] cloud-init[971]: |        + BO     |
[   11.552871] cloud-init[971]: |         *B+o    |
[   11.553510] cloud-init[971]: +----[SHA256]-----+
[   11.554127] cloud-init[971]: Generating public/private dsa key pair.
[   11.554776] cloud-init[971]: Your identification has been saved in /etc/ssh/ssh_host_dsa_key.
[   11.555418] cloud-init[971]: Your public key has been saved in /etc/ssh/ssh_host_dsa_key.pub.
[   11.556404] cloud-init[971]: The key fingerprint is:
[   11.557005] cloud-init[971]: SHA256:kFy+3xIp00p9+i/ksVe1AzmdjgCatkisZsXEf2reoBo root@ubuntu-xenial

[   11.557264] cloud-init[971]: The key's randomart image is:
[   11.565494] cloud-init[971]: +---[DSA 1024]----+
[[0;32m  OK  [0m] Listening on UUID daemon activation socket.
[   11.565618] cloud-init[971]: |    .   .        |
[   11.567635] cloud-init[971]: |     + + .       |
[   11.568959] cloud-init[971]: |    + = + .   o .|
[   11.569586] cloud-init[971]: |     = * = o + o.|
[   11.570253] cloud-init[971]: |    + o S = o = o|
[   11.570565] cloud-init[971]: |   + . * = =o. +.|
[   11.571216] cloud-init[971]: |  oE  + + +o.o ..|
[   11.571901] cloud-init[971]: |    .. . . o+ .  |
[   11.572508] cloud-init[971]: |   ..       .+.  |
[   11.573175] cloud-init[971]: +----[SHA256]-----+
[   11.573844] cloud-init[971]: Generating public/private ecdsa key pair.
[   11.574496] cloud-init[971]: Your identification has been saved in /etc/ssh/ssh_host_ecdsa_key.
[   11.575170] cloud-init[971]: Your public key has been saved in /etc/ssh/ssh_host_ecdsa_key.pub.
[   11.575885] cloud-init[971]: The key fingerprint is:
[   11.576565] cloud-init[971]: SHA256:jY6/HEJHgAFh/VNklTeHdc/JeH9jABpZewDimR/azbk root@ubuntu-xenial
[   11.577254] cloud-init[971]: The key's randomart image is:
[   11.577928] cloud-init[971]: +---[ECDSA 256]---+
[   11.578588] cloud-init[971]: |  ++.o.oo+== o. .|
[   11.578890] cloud-init[971]: | .  o .o=.+ B +oo|
[   11.579057] cloud-init[971]: |     . =.o o * +o|
[[0;32m  OK  [0m] Started Daily Cleanup of Temporary Directories.
[   11.579151] cloud-init[971]: |      o.+o+ o o .|
[   11.579209] cloud-init[971]: |      .oSo.+   oo|
[   11.588666] cloud-init[971]: |     . +    . . o|
[   11.588884] cloud-init[971]: |      o o  E     |
[   11.589189] cloud-init[971]: |       + .       |
[   11.589884] cloud-init[971]: |        +.       |
[   11.590254] cloud-init[971]: +----[SHA256]-----+
[   11.590833] cloud-init[971]: Generating public/private ed25519 key pair.
[   11.591213] cloud-init[971]: Your identification has been saved in /etc/ssh/ssh_host_ed25519_key.
[   11.591800] cloud-init[971]: Your public key has been saved in /etc/ssh/ssh_host_ed25519_key.pub.
[   11.592573] cloud-init[971]: The key fingerprint is:
[   11.592961] cloud-init[971]: SHA256:G14RxTaFscDJvCxSS+A/0TjtSMoLD5GKy0P25JArcBI root@ubuntu-xenial
[[0;32m  OK  [0m] Reached target Timers.
[   11.593405] cloud-init[971]: The key's randomart image is:
[   11.598739] cloud-init[971]: +--[ED25519 256]--+
[   11.599463] cloud-init[971]: |      .. +o+o+.  |
[   11.600170] cloud-init[971]: |     o  o+=o=.   |
[   11.601022] cloud-init[971]: |E   o .o=o+o..   |
[   11.601503] cloud-init[971]: | o.. o.+o=o.     |
[   11.602165] cloud-init[971]: |+=o.o o.S.o      |
[   11.602848] cloud-init[971]: |=+*  + o =       |
[   11.603533] cloud-init[971]: |o+ o  o o        |
[   11.604580] cloud-init[971]: |. .              |
[   11.605264] cloud-init[971]: |                 |
[   11.605924] cloud-init[971]: +----[SHA256]-----+
[[0;32m  OK  [0m] Reached target Cloud-config availability.
[[0;32m  OK  [0m] Reached target Network is Online.
         Starting iSCSI initiator daemon (iscsid)...
[[0;32m  OK  [0m] Listening on LXD - unix socket.
[[0;32m  OK  [0m] Listening on Socket activation for snappy daemon.
[[0;32m  OK  [0m] Reached target Sockets.
[[0;32m  OK  [0m] Reached target Basic System.
         Starting LSB: Record successful boot for GRUB...
         Starting Login Service...
         Starting System Logging Service...
         Starting LSB: MD monitoring daemon...
[[0;32m  OK  [0m] Started Regular background program processing daemon.
         Starting Accounts Service...
[[0;32m  OK  [0m] Started ACPI event daemon.
         Starting /etc/rc.local Compatibility...
         Starting Snappy daemon...
[[0;32m  OK  [0m] Started Deferred execution scheduler.
[[0;32m  OK  [0m] Started D-Bus System Message Bus.
         Starting Virtualbox guest utils...
[[0;32m  OK  [0m] Started FUSE filesystem for LXC.
         Starting Pollinate to seed the pseudo random number generator...
         Starting LXD - container startup/shutdown...
[[0;32m  OK  [0m] Started System Logging Service.
[[0;32m  OK  [0m] Started /etc/rc.local Compatibility.
[[0;32m  OK  [0m] Started iSCSI initiator daemon (iscsid).
         Starting Login to default iSCSI targets...
[[0;32m  OK  [0m] Started Login Service.
[[0;32m  OK  [0m] Started Unattended Upgrades Shutdown.
         Starting Authenticate and Authorize Users to Run Privileged Tasks...
[[0;32m  OK  [0m] Started Login to default iSCSI targets.
[[0;32m  OK  [0m] Started LSB: MD monitoring daemon.
[[0;32m  OK  [0m] Reached target Remote File Systems (Pre).
[[0;32m  OK  [0m] Reached target Remote File Systems.
         Starting Permit User Sessions...
         Starting LSB: automatic crash report generation...
         Starting LSB: Set the CPU Frequency Scaling governor to "ondemand"...
         Starting LSB: daemon to balance interrupts for SMP systems...
[[0;32m  OK  [0m] Started LSB: Record successful boot for GRUB.
[[0;32m  OK  [0m] Started Permit User Sessions.
         Starting Terminate Plymouth Boot Screen...
         Starting Hold until boot process finishes up...
[[0;32m  OK  [0m] Started Terminate Plymouth Boot Screen.
[[0;32m  OK  [0m] Started Authenticate and Authorize Users to Run Privileged Tasks.
[[0;32m  OK  [0m] Started Hold until boot process finishes up.
[[0;32m  OK  [0m] Started Getty on tty1.
         Starting Set console scheme...
[[0;32m  OK  [0m] Started Serial Getty on ttyS0.
[[0;32m  OK  [0m] Reached target Login Prompts.
[[0;32m  OK  [0m] Started Set console scheme.
[[0;32m  OK  [0m] Started Accounts Service.
[[0;32m  OK  [0m] Started LSB: Set the CPU Frequency Scaling governor to "ondemand".
[[0;32m  OK  [0m] Started LSB: automatic crash report generation.
[[0;32m  OK  [0m] Started LSB: daemon to balance interrupts for SMP systems.
[[0;32m  OK  [0m] Started Virtualbox guest utils.
[[0;32m  OK  [0m] Started LXD - container startup/shutdown.
[[0;32m  OK  [0m] Started Snappy daemon.
         Starting Wait until snapd is fully seeded...
[[0;32m  OK  [0m] Started Pollinate to seed the pseudo random number generator.
         Starting OpenBSD Secure Shell server...
[[0;32m  OK  [0m] Started OpenBSD Secure Shell server.
[[0;32m  OK  [0m] Created slice User Slice of vagrant.
         Starting User Manager for UID 1000...
[[0;32m  OK  [0m] Started Session 1 of user vagrant.
[[0;32m  OK  [0m] Started User Manager for UID 1000.
[[0;32m  OK  [0m] Started Wait until snapd is fully seeded.
[[0;32m  OK  [0m] Reached target Multi-User System.
[[0;32m  OK  [0m] Reached target Graphical Interface.
         Starting Update UTMP about System Runlevel Changes...
         Starting Apply the settings specified in cloud-config...
[[0;32m  OK  [0m] Started Update UTMP about System Runlevel Changes.
[   13.764249] cloud-init[1349]: Generating locales (this might take a while)...
[   15.133278] cloud-init[1349]:   en_US.UTF-8... done
[   15.135027] cloud-init[1349]: Generation complete.
[   15.541093] cloud-init[1349]: Cloud-init v. 19.2-36-g059d049c-0ubuntu2~16.04.1 running 'modules:config' at Wed, 22 Jan 2020 09:00:34 +0000. Up 13.49 seconds.
[[0;32m  OK  [0m] Started Apply the settings specified in cloud-config.
         Starting Execute cloud user/final scripts...
ci-info: no authorized ssh keys fingerprints found for user ubuntu.
<14>Jan 22 09:00:36 ec2: 
<14>Jan 22 09:00:36 ec2: #############################################################
<14>Jan 22 09:00:36 ec2: -----BEGIN SSH HOST KEY FINGERPRINTS-----
<14>Jan 22 09:00:36 ec2: 1024 SHA256:kFy+3xIp00p9+i/ksVe1AzmdjgCatkisZsXEf2reoBo root@ubuntu-xenial (DSA)
<14>Jan 22 09:00:36 ec2: 256 SHA256:jY6/HEJHgAFh/VNklTeHdc/JeH9jABpZewDimR/azbk root@ubuntu-xenial (ECDSA)
<14>Jan 22 09:00:36 ec2: 256 SHA256:G14RxTaFscDJvCxSS+A/0TjtSMoLD5GKy0P25JArcBI root@ubuntu-xenial (ED25519)
<14>Jan 22 09:00:36 ec2: 2048 SHA256:7NG8m0+hu8bB6w1rwjcIEXYxMgKxUfsszxUOd73VUpI root@ubuntu-xenial (RSA)
<14>Jan 22 09:00:36 ec2: -----END SSH HOST KEY FINGERPRINTS-----
<14>Jan 22 09:00:36 ec2: #############################################################
-----BEGIN SSH HOST KEY KEYS-----
ecdsa-sha2-nistp256 AAAAE2VjZHNhLXNoYTItbmlzdHAyNTYAAAAIbmlzdHAyNTYAAABBBD06Hu5lOVZlxLzDTBHXujEveKATpUwTXg3ZN1U4iZXTY6uYzSz2XpLM1Yj7lKySohTpmFpnBOF2I/E/HXF2DCM= root@ubuntu-xenial
ssh-ed25519 AAAAC3NzaC1lZDI1NTE5AAAAIN2JH1LKb4NpvKQEzP7+uCaiENksUIDHuh1sIL86jogM root@ubuntu-xenial
ssh-rsa AAAAB3NzaC1yc2EAAAADAQABAAABAQCe0T14YEyEwTlaO8008ykTdqgOsHOgNhPO+Tv9HS2EQGYitu4yoniufd5Ez1/KDAMDMBeOJQZAKGywhNGxpbQsarZjDfR+wivdkQ0PdKinug8tNVtPv0TqSDIuGhJUY4zYfRdhJanvtJUFL80l6BhqzwFddXTTm6Woq3XkLQ63zuBi4nyjF2knOtDs58i6U9QAoYvljx5yP1c8S37y3fG9Xi5BvFdHIa84j4g7kgvq+i8wVthqpKO4V5Xujx3hjROUjDFUDUnED1ZwsibgTziLWsOzQ0vrXler02g+dg5vCX1SCGeZO8H0Iq8HPyhUZ7dX2W0JM9Zu8GQd2JJuBUlZ root@ubuntu-xenial
-----END SSH HOST KEY KEYS-----
[   16.458666] cloud-init[1543]: Cloud-init v. 19.2-36-g059d049c-0ubuntu2~16.04.1 running 'modules:final' at Wed, 22 Jan 2020 09:00:36 +0000. Up 16.19 seconds.
[   16.463000] cloud-init[1543]: ci-info: no authorized ssh keys fingerprints found for user ubuntu.
[   16.465092] cloud-init[1543]: Cloud-init v. 19.2-36-g059d049c-0ubuntu2~16.04.1 finished at Wed, 22 Jan 2020 09:00:37 +0000. Datasource DataSourceNoCloud [seed=/dev/sdb][dsmode=net].  Up 16.44 seconds
[[0;32m  OK  [0m] Started Execute cloud user/final scripts.
[[0;32m  OK  [0m] Reached target Cloud-init target.

Ubuntu 16.04.6 LTS ubuntu-xenial ttyS0

ubuntu-xenial login: 